2024-02-19 11:37:02,881 - PerformanceLogger - INFO - Performance logger loaded
2024-02-19 11:37:02,881 - PerformanceLogger - INFO - Search AND (baby) took 0.0016582012176513672 seconds.
2024-02-19 11:37:02,881 - PerformanceLogger - INFO - Search (baby) took 0.0025370121002197266 seconds
2024-02-19 11:38:25,597 - PerformanceLogger - INFO - Search AND (donald) took 0.00015497207641601562 seconds.
2024-02-19 11:38:25,598 - PerformanceLogger - INFO - Search AND (trump) took 0.00014019012451171875 seconds.
2024-02-19 11:38:25,600 - PerformanceLogger - INFO - Search (donald AND trump) took 0.002706289291381836 seconds
2024-02-19 16:32:57,041 - PerformanceLogger - INFO - Performance logger loaded
2024-02-19 16:32:57,042 - PerformanceLogger - INFO - Search AND (edinburgh) took 0.001683950424194336 seconds.
2024-02-19 16:32:57,042 - PerformanceLogger - INFO - Entire Search (edinburgh) took 0.003003835678100586 seconds
2024-02-19 16:38:19,144 - PerformanceLogger - INFO - Performance logger loaded
2024-02-19 16:38:19,144 - PerformanceLogger - INFO - Search AND (edinburgh) took 0.0007278919219970703 seconds.
2024-02-19 16:38:19,144 - PerformanceLogger - INFO - Entire Search (edinburgh) took 0.0017099380493164062 seconds
2024-02-19 16:41:41,333 - PerformanceLogger - INFO - Performance logger loaded
2024-02-19 16:41:41,333 - PerformanceLogger - INFO - Search AND (edinburgh) took 0.0007069110870361328 seconds.
2024-02-19 16:41:41,333 - PerformanceLogger - INFO - Entire Search (edinburgh) took 0.0017309188842773438 seconds
2024-02-19 16:42:58,376 - PerformanceLogger - INFO - Performance logger loaded
2024-02-19 16:42:58,376 - PerformanceLogger - INFO - Search AND (edinburgh) took 0.001096963882446289 seconds.
2024-02-19 16:42:58,376 - PerformanceLogger - INFO - Entire Search (edinburgh) took 0.002257823944091797 seconds
2024-02-19 16:43:28,638 - PerformanceLogger - INFO - Search AND (baby) took 0.00011181831359863281 seconds.
2024-02-19 16:43:28,638 - PerformanceLogger - INFO - Entire Search (baby) took 0.00048804283142089844 seconds
2024-02-19 16:48:09,397 - PerformanceLogger - INFO - Performance logger loaded
2024-02-19 16:48:09,398 - PerformanceLogger - INFO - Search AND (edinburgh) took 0.0023298263549804688 seconds.
2024-02-19 16:48:09,398 - PerformanceLogger - INFO - Entire Search (edinburgh) took 0.003616809844970703 seconds
